<?xml version="1.0" encoding="UTF-8"?>
<!-- Generated by org.testng.reporters.JUnitXMLReporter -->
<testsuite ignored="1" hostname="ArunMotoori" failures="1" tests="13" name="Surefire test" time="53.953" errors="0" timestamp="2024-11-02T15:56:04 IST">
  <testcase classname="tests.LoginTest" name="verifyLoginUsingValidCredentials" time="0.993"/>
  <testcase classname="tests.LoginTest" name="verifyLoginUsingValidCredentials" time="1.13"/>
  <testcase classname="tests.LoginTest" name="verifyLoginUsingValidCredentials" time="1.071"/>
  <testcase classname="tests.LoginTest" name="verifyLoginUsingInvalidCredentials" time="0.848"/>
  <testcase classname="tests.LoginTest" name="verifyLoginUsingInvalidEmailAndValidPassword" time="0.809"/>
  <testcase classname="tests.LoginTest" name="verifyLoginUsingValidEmailAndInvalidPassword" time="0.824"/>
  <testcase classname="tests.LoginTest" name="verifyLoginWithoutCredentials" time="0.6"/>
  <testcase classname="tests.RegisterTest" name="verifyRegistingAccountUsingMandtoryFields" time="1.893"/>
  <testcase classname="tests.RegisterTest" name="verifyRegisteringAccountUsingAllFields" time="2.131"/>
  <testcase classname="tests.RegisterTest" name="verifyRegisterationBySayingYesToNewsletter" time="2.262"/>
  <testcase classname="tests.SearchTest" name="verifySearchWithExistingProduct" time="0.596">
    <failure type="java.lang.AssertionError" message="expected [true] but found [false]">
      <![CDATA[java.lang.AssertionError: expected [true] but found [false]
at tests.SearchTest.verifySearchWithExistingProduct(SearchTest.java:39)
at java.base/java.util.ArrayList.forEach(ArrayList.java:1596)
... Removed 34 stack frames]]>
    </failure>
  </testcase> <!-- verifySearchWithExistingProduct -->
  <testcase classname="tests.SearchTest" name="verifySearchWithNonExistingProduct" time="0.0">
    <skipped/>
  </testcase> <!-- verifySearchWithNonExistingProduct -->
  <testcase classname="tests.SearchTest" name="verifySearchWithoutEnteringAnyProduct" time="0.001">
    <skipped/>
  </testcase> <!-- verifySearchWithoutEnteringAnyProduct -->
  <testcase classname="tests.RegisterTest" name="verifyRegisterationBySayingNoToNewsletter" time="0.0">
    <ignored/>
  </testcase> <!-- verifyRegisterationBySayingNoToNewsletter -->
</testsuite> <!-- Surefire test -->
