<?xml version="1.0" encoding="UTF-8"?>
<!-- Generated by org.testng.reporters.JUnitXMLReporter -->
<testsuite ignored="4" hostname="ArunMotoori" failures="0" tests="3" name="Default test" time="14.589" errors="0" timestamp="2024-10-27T16:50:48 IST">
  <testcase classname="tests.Login" name="verifyLoginUsingValidCredentials" time="1.162"/>
  <testcase classname="tests.Login" name="verifyLoginUsingValidCredentials" time="1.109"/>
  <testcase classname="tests.Login" name="verifyLoginUsingValidCredentials" time="1.291"/>
  <testcase classname="tests.Login" name="verifyLoginWithoutCredentials" time="0.0">
    <ignored/>
  </testcase> <!-- verifyLoginWithoutCredentials -->
  <testcase classname="tests.Login" name="verifyLoginUsingInvalidEmailAndValidPassword" time="0.0">
    <ignored/>
  </testcase> <!-- verifyLoginUsingInvalidEmailAndValidPassword -->
  <testcase classname="tests.Login" name="verifyLoginUsingValidEmailAndInvalidPassword" time="0.0">
    <ignored/>
  </testcase> <!-- verifyLoginUsingValidEmailAndInvalidPassword -->
  <testcase classname="tests.Login" name="verifyLoginUsingInvalidCredentials" time="0.0">
    <ignored/>
  </testcase> <!-- verifyLoginUsingInvalidCredentials -->
</testsuite> <!-- Default test -->
