<?xml version="1.0" encoding="UTF-8"?>
<!-- Generated by org.testng.reporters.JUnitXMLReporter -->
<testsuite ignored="1" hostname="ArunMotoori" failures="1" tests="13" name="Test" time="56.808" errors="0" timestamp="2024-11-02T15:30:12 IST">
  <testcase classname="tests.Register" name="verifyRegistingAccountUsingMandtoryFields" time="2.082"/>
  <testcase classname="tests.Register" name="verifyRegisteringAccountUsingAllFields" time="1.886"/>
  <testcase classname="tests.Register" name="verifyRegisterationBySayingYesToNewsletter" time="2.227"/>
  <testcase classname="tests.Login" name="verifyLoginUsingValidCredentials" time="1.054"/>
  <testcase classname="tests.Login" name="verifyLoginUsingValidCredentials" time="1.051"/>
  <testcase classname="tests.Login" name="verifyLoginUsingValidCredentials" time="1.141"/>
  <testcase classname="tests.Login" name="verifyLoginUsingInvalidCredentials" time="0.823"/>
  <testcase classname="tests.Login" name="verifyLoginUsingInvalidEmailAndValidPassword" time="0.988"/>
  <testcase classname="tests.Login" name="verifyLoginUsingValidEmailAndInvalidPassword" time="0.825"/>
  <testcase classname="tests.Login" name="verifyLoginWithoutCredentials" time="1.764"/>
  <testcase classname="tests.Search" name="verifySearchWithExistingProduct" time="0.664">
    <failure type="java.lang.AssertionError" message="expected [true] but found [false]">
      <![CDATA[java.lang.AssertionError: expected [true] but found [false]
at tests.Search.verifySearchWithExistingProduct(Search.java:39)
at java.base/java.util.ArrayList.forEach(ArrayList.java:1596)
... Removed 29 stack frames]]>
    </failure>
  </testcase> <!-- verifySearchWithExistingProduct -->
  <testcase classname="tests.Search" name="verifySearchWithNonExistingProduct" time="0.0">
    <skipped/>
  </testcase> <!-- verifySearchWithNonExistingProduct -->
  <testcase classname="tests.Search" name="verifySearchWithoutEnteringAnyProduct" time="0.002">
    <skipped/>
  </testcase> <!-- verifySearchWithoutEnteringAnyProduct -->
  <testcase classname="tests.Register" name="verifyRegisterationBySayingNoToNewsletter" time="0.0">
    <ignored/>
  </testcase> <!-- verifyRegisterationBySayingNoToNewsletter -->
</testsuite> <!-- Test -->
